<?xml version="1.0" encoding="UTF-8"?>
<checkstyle version="8.19">
<file name="/home/mbiarnes/Development/git/kiegroup/kie-wb-playground/mortgage-process/src/main/java/com/myspace/mortgage_app/Applicant.java">
<error line="10" column="1" severity="error" message="Line contains a tab character." source="com.puppycrawl.tools.checkstyle.checks.whitespace.FileTabCharacterCheck"/>
<error line="12" column="1" severity="error" message="Line contains a tab character." source="com.puppycrawl.tools.checkstyle.checks.whitespace.FileTabCharacterCheck"/>
<error line="13" column="1" severity="error" message="Line contains a tab character." source="com.puppycrawl.tools.checkstyle.checks.whitespace.FileTabCharacterCheck"/>
<error line="14" column="1" severity="error" message="Line contains a tab character." source="com.puppycrawl.tools.checkstyle.checks.whitespace.FileTabCharacterCheck"/>
<error line="15" column="1" severity="error" message="Line contains a tab character." source="com.puppycrawl.tools.checkstyle.checks.whitespace.FileTabCharacterCheck"/>
<error line="16" column="1" severity="error" message="Line contains a tab character." source="com.puppycrawl.tools.checkstyle.checks.whitespace.FileTabCharacterCheck"/>
<error line="17" column="1" severity="error" message="Line contains a tab character." source="com.puppycrawl.tools.checkstyle.checks.whitespace.FileTabCharacterCheck"/>
<error line="18" column="1" severity="error" message="Line contains a tab character." source="com.puppycrawl.tools.checkstyle.checks.whitespace.FileTabCharacterCheck"/>
<error line="19" column="1" severity="error" message="Line contains a tab character." source="com.puppycrawl.tools.checkstyle.checks.whitespace.FileTabCharacterCheck"/>
<error line="20" column="1" severity="error" message="Line contains a tab character." source="com.puppycrawl.tools.checkstyle.checks.whitespace.FileTabCharacterCheck"/>
<error line="21" column="1" severity="error" message="Line contains a tab character." source="com.puppycrawl.tools.checkstyle.checks.whitespace.FileTabCharacterCheck"/>
<error line="23" column="1" severity="error" message="Line contains a tab character." source="com.puppycrawl.tools.checkstyle.checks.whitespace.FileTabCharacterCheck"/>
<error line="24" column="1" severity="error" message="Line contains a tab character." source="com.puppycrawl.tools.checkstyle.checks.whitespace.FileTabCharacterCheck"/>
<error line="26" column="1" severity="error" message="Line contains a tab character." source="com.puppycrawl.tools.checkstyle.checks.whitespace.FileTabCharacterCheck"/>
<error line="27" column="1" severity="error" message="Line contains a tab character." source="com.puppycrawl.tools.checkstyle.checks.whitespace.FileTabCharacterCheck"/>
<error line="28" column="1" severity="error" message="Line contains a tab character." source="com.puppycrawl.tools.checkstyle.checks.whitespace.FileTabCharacterCheck"/>
<error line="30" column="1" severity="error" message="Line contains a tab character." source="com.puppycrawl.tools.checkstyle.checks.whitespace.FileTabCharacterCheck"/>
<error line="31" column="1" severity="error" message="Line contains a tab character." source="com.puppycrawl.tools.checkstyle.checks.whitespace.FileTabCharacterCheck"/>
<error line="32" column="1" severity="error" message="Line contains a tab character." source="com.puppycrawl.tools.checkstyle.checks.whitespace.FileTabCharacterCheck"/>
<error line="34" column="1" severity="error" message="Line contains a tab character." source="com.puppycrawl.tools.checkstyle.checks.whitespace.FileTabCharacterCheck"/>
<error line="35" column="1" severity="error" message="Line contains a tab character." source="com.puppycrawl.tools.checkstyle.checks.whitespace.FileTabCharacterCheck"/>
<error line="36" column="1" severity="error" message="Line contains a tab character." source="com.puppycrawl.tools.checkstyle.checks.whitespace.FileTabCharacterCheck"/>
<error line="38" column="1" severity="error" message="Line contains a tab character." source="com.puppycrawl.tools.checkstyle.checks.whitespace.FileTabCharacterCheck"/>
<error line="39" column="1" severity="error" message="Line contains a tab character." source="com.puppycrawl.tools.checkstyle.checks.whitespace.FileTabCharacterCheck"/>
<error line="40" column="1" severity="error" message="Line contains a tab character." source="com.puppycrawl.tools.checkstyle.checks.whitespace.FileTabCharacterCheck"/>
<error line="42" column="1" severity="error" message="Line contains a tab character." source="com.puppycrawl.tools.checkstyle.checks.whitespace.FileTabCharacterCheck"/>
<error line="43" column="1" severity="error" message="Line contains a tab character." source="com.puppycrawl.tools.checkstyle.checks.whitespace.FileTabCharacterCheck"/>
<error line="44" column="1" severity="error" message="Line contains a tab character." source="com.puppycrawl.tools.checkstyle.checks.whitespace.FileTabCharacterCheck"/>
<error line="46" column="1" severity="error" message="Line contains a tab character." source="com.puppycrawl.tools.checkstyle.checks.whitespace.FileTabCharacterCheck"/>
<error line="47" column="1" severity="error" message="Line contains a tab character." source="com.puppycrawl.tools.checkstyle.checks.whitespace.FileTabCharacterCheck"/>
<error line="48" column="1" severity="error" message="Line contains a tab character." source="com.puppycrawl.tools.checkstyle.checks.whitespace.FileTabCharacterCheck"/>
<error line="50" column="1" severity="error" message="Line contains a tab character." source="com.puppycrawl.tools.checkstyle.checks.whitespace.FileTabCharacterCheck"/>
<error line="51" column="1" severity="error" message="Line contains a tab character." source="com.puppycrawl.tools.checkstyle.checks.whitespace.FileTabCharacterCheck"/>
<error line="52" column="1" severity="error" message="Line contains a tab character." source="com.puppycrawl.tools.checkstyle.checks.whitespace.FileTabCharacterCheck"/>
<error line="54" column="1" severity="error" message="Line contains a tab character." source="com.puppycrawl.tools.checkstyle.checks.whitespace.FileTabCharacterCheck"/>
<error line="55" column="1" severity="error" message="Line contains a tab character." source="com.puppycrawl.tools.checkstyle.checks.whitespace.FileTabCharacterCheck"/>
<error line="56" column="1" severity="error" message="Line contains a tab character." source="com.puppycrawl.tools.checkstyle.checks.whitespace.FileTabCharacterCheck"/>
<error line="58" column="1" severity="error" message="Line contains a tab character." source="com.puppycrawl.tools.checkstyle.checks.whitespace.FileTabCharacterCheck"/>
<error line="59" column="1" severity="error" message="Line contains a tab character." source="com.puppycrawl.tools.checkstyle.checks.whitespace.FileTabCharacterCheck"/>
<error line="60" column="1" severity="error" message="Line contains a tab character." source="com.puppycrawl.tools.checkstyle.checks.whitespace.FileTabCharacterCheck"/>
<error line="62" column="1" severity="error" message="Line contains a tab character." source="com.puppycrawl.tools.checkstyle.checks.whitespace.FileTabCharacterCheck"/>
<error line="63" column="1" severity="error" message="Line contains a tab character." source="com.puppycrawl.tools.checkstyle.checks.whitespace.FileTabCharacterCheck"/>
<error line="64" column="1" severity="error" message="Line contains a tab character." source="com.puppycrawl.tools.checkstyle.checks.whitespace.FileTabCharacterCheck"/>
<error line="66" column="1" severity="error" message="Line contains a tab character." source="com.puppycrawl.tools.checkstyle.checks.whitespace.FileTabCharacterCheck"/>
<error line="67" column="1" severity="error" message="Line contains a tab character." source="com.puppycrawl.tools.checkstyle.checks.whitespace.FileTabCharacterCheck"/>
<error line="68" column="1" severity="error" message="Line contains a tab character." source="com.puppycrawl.tools.checkstyle.checks.whitespace.FileTabCharacterCheck"/>
<error line="69" column="1" severity="error" message="Line contains a tab character." source="com.puppycrawl.tools.checkstyle.checks.whitespace.FileTabCharacterCheck"/>
<error line="70" column="1" severity="error" message="Line contains a tab character." source="com.puppycrawl.tools.checkstyle.checks.whitespace.FileTabCharacterCheck"/>
<error line="71" column="1" severity="error" message="Line contains a tab character." source="com.puppycrawl.tools.checkstyle.checks.whitespace.FileTabCharacterCheck"/>
<error line="72" column="1" severity="error" message="Line contains a tab character." source="com.puppycrawl.tools.checkstyle.checks.whitespace.FileTabCharacterCheck"/>
<error line="73" column="1" severity="error" message="Line contains a tab character." source="com.puppycrawl.tools.checkstyle.checks.whitespace.FileTabCharacterCheck"/>
<error line="74" column="1" severity="error" message="Line contains a tab character." source="com.puppycrawl.tools.checkstyle.checks.whitespace.FileTabCharacterCheck"/>
</file>
<file name="/home/mbiarnes/Development/git/kiegroup/kie-wb-playground/mortgage-process/src/main/java/com/myspace/mortgage_app/ValidationErrorDO.java">
<error line="10" column="1" severity="error" message="Line contains a tab character." source="com.puppycrawl.tools.checkstyle.checks.whitespace.FileTabCharacterCheck"/>
<error line="12" column="1" severity="error" message="Line contains a tab character." source="com.puppycrawl.tools.checkstyle.checks.whitespace.FileTabCharacterCheck"/>
<error line="13" column="1" severity="error" message="Line contains a tab character." source="com.puppycrawl.tools.checkstyle.checks.whitespace.FileTabCharacterCheck"/>
<error line="15" column="1" severity="error" message="Line contains a tab character." source="com.puppycrawl.tools.checkstyle.checks.whitespace.FileTabCharacterCheck"/>
<error line="16" column="1" severity="error" message="Line contains a tab character." source="com.puppycrawl.tools.checkstyle.checks.whitespace.FileTabCharacterCheck"/>
<error line="18" column="1" severity="error" message="Line contains a tab character." source="com.puppycrawl.tools.checkstyle.checks.whitespace.FileTabCharacterCheck"/>
<error line="19" column="1" severity="error" message="Line contains a tab character." source="com.puppycrawl.tools.checkstyle.checks.whitespace.FileTabCharacterCheck"/>
<error line="20" column="1" severity="error" message="Line contains a tab character." source="com.puppycrawl.tools.checkstyle.checks.whitespace.FileTabCharacterCheck"/>
<error line="22" column="1" severity="error" message="Line contains a tab character." source="com.puppycrawl.tools.checkstyle.checks.whitespace.FileTabCharacterCheck"/>
<error line="23" column="1" severity="error" message="Line contains a tab character." source="com.puppycrawl.tools.checkstyle.checks.whitespace.FileTabCharacterCheck"/>
<error line="24" column="1" severity="error" message="Line contains a tab character." source="com.puppycrawl.tools.checkstyle.checks.whitespace.FileTabCharacterCheck"/>
<error line="26" column="1" severity="error" message="Line contains a tab character." source="com.puppycrawl.tools.checkstyle.checks.whitespace.FileTabCharacterCheck"/>
<error line="27" column="1" severity="error" message="Line contains a tab character." source="com.puppycrawl.tools.checkstyle.checks.whitespace.FileTabCharacterCheck"/>
<error line="28" column="1" severity="error" message="Line contains a tab character." source="com.puppycrawl.tools.checkstyle.checks.whitespace.FileTabCharacterCheck"/>
</file>
<file name="/home/mbiarnes/Development/git/kiegroup/kie-wb-playground/mortgage-process/src/main/java/com/myspace/mortgage_app/Property.java">
<error line="10" column="1" severity="error" message="Line contains a tab character." source="com.puppycrawl.tools.checkstyle.checks.whitespace.FileTabCharacterCheck"/>
<error line="12" column="1" severity="error" message="Line contains a tab character." source="com.puppycrawl.tools.checkstyle.checks.whitespace.FileTabCharacterCheck"/>
<error line="13" column="1" severity="error" message="Line contains a tab character." source="com.puppycrawl.tools.checkstyle.checks.whitespace.FileTabCharacterCheck"/>
<error line="14" column="1" severity="error" message="Line contains a tab character." source="com.puppycrawl.tools.checkstyle.checks.whitespace.FileTabCharacterCheck"/>
<error line="15" column="1" severity="error" message="Line contains a tab character." source="com.puppycrawl.tools.checkstyle.checks.whitespace.FileTabCharacterCheck"/>
<error line="16" column="1" severity="error" message="Line contains a tab character." source="com.puppycrawl.tools.checkstyle.checks.whitespace.FileTabCharacterCheck"/>
<error line="17" column="1" severity="error" message="Line contains a tab character." source="com.puppycrawl.tools.checkstyle.checks.whitespace.FileTabCharacterCheck"/>
<error line="18" column="1" severity="error" message="Line contains a tab character." source="com.puppycrawl.tools.checkstyle.checks.whitespace.FileTabCharacterCheck"/>
<error line="19" column="1" severity="error" message="Line contains a tab character." source="com.puppycrawl.tools.checkstyle.checks.whitespace.FileTabCharacterCheck"/>
<error line="21" column="1" severity="error" message="Line contains a tab character." source="com.puppycrawl.tools.checkstyle.checks.whitespace.FileTabCharacterCheck"/>
<error line="22" column="1" severity="error" message="Line contains a tab character." source="com.puppycrawl.tools.checkstyle.checks.whitespace.FileTabCharacterCheck"/>
<error line="24" column="1" severity="error" message="Line contains a tab character." source="com.puppycrawl.tools.checkstyle.checks.whitespace.FileTabCharacterCheck"/>
<error line="25" column="1" severity="error" message="Line contains a tab character." source="com.puppycrawl.tools.checkstyle.checks.whitespace.FileTabCharacterCheck"/>
<error line="26" column="1" severity="error" message="Line contains a tab character." source="com.puppycrawl.tools.checkstyle.checks.whitespace.FileTabCharacterCheck"/>
<error line="28" column="1" severity="error" message="Line contains a tab character." source="com.puppycrawl.tools.checkstyle.checks.whitespace.FileTabCharacterCheck"/>
<error line="29" column="1" severity="error" message="Line contains a tab character." source="com.puppycrawl.tools.checkstyle.checks.whitespace.FileTabCharacterCheck"/>
<error line="30" column="1" severity="error" message="Line contains a tab character." source="com.puppycrawl.tools.checkstyle.checks.whitespace.FileTabCharacterCheck"/>
<error line="32" column="1" severity="error" message="Line contains a tab character." source="com.puppycrawl.tools.checkstyle.checks.whitespace.FileTabCharacterCheck"/>
<error line="33" column="1" severity="error" message="Line contains a tab character." source="com.puppycrawl.tools.checkstyle.checks.whitespace.FileTabCharacterCheck"/>
<error line="34" column="1" severity="error" message="Line contains a tab character." source="com.puppycrawl.tools.checkstyle.checks.whitespace.FileTabCharacterCheck"/>
<error line="36" column="1" severity="error" message="Line contains a tab character." source="com.puppycrawl.tools.checkstyle.checks.whitespace.FileTabCharacterCheck"/>
<error line="37" column="1" severity="error" message="Line contains a tab character." source="com.puppycrawl.tools.checkstyle.checks.whitespace.FileTabCharacterCheck"/>
<error line="38" column="1" severity="error" message="Line contains a tab character." source="com.puppycrawl.tools.checkstyle.checks.whitespace.FileTabCharacterCheck"/>
<error line="40" column="1" severity="error" message="Line contains a tab character." source="com.puppycrawl.tools.checkstyle.checks.whitespace.FileTabCharacterCheck"/>
<error line="41" column="1" severity="error" message="Line contains a tab character." source="com.puppycrawl.tools.checkstyle.checks.whitespace.FileTabCharacterCheck"/>
<error line="42" column="1" severity="error" message="Line contains a tab character." source="com.puppycrawl.tools.checkstyle.checks.whitespace.FileTabCharacterCheck"/>
<error line="44" column="1" severity="error" message="Line contains a tab character." source="com.puppycrawl.tools.checkstyle.checks.whitespace.FileTabCharacterCheck"/>
<error line="45" column="1" severity="error" message="Line contains a tab character." source="com.puppycrawl.tools.checkstyle.checks.whitespace.FileTabCharacterCheck"/>
<error line="46" column="1" severity="error" message="Line contains a tab character." source="com.puppycrawl.tools.checkstyle.checks.whitespace.FileTabCharacterCheck"/>
<error line="48" column="1" severity="error" message="Line contains a tab character." source="com.puppycrawl.tools.checkstyle.checks.whitespace.FileTabCharacterCheck"/>
<error line="49" column="1" severity="error" message="Line contains a tab character." source="com.puppycrawl.tools.checkstyle.checks.whitespace.FileTabCharacterCheck"/>
<error line="50" column="1" severity="error" message="Line contains a tab character." source="com.puppycrawl.tools.checkstyle.checks.whitespace.FileTabCharacterCheck"/>
<error line="52" column="1" severity="error" message="Line contains a tab character." source="com.puppycrawl.tools.checkstyle.checks.whitespace.FileTabCharacterCheck"/>
<error line="53" column="1" severity="error" message="Line contains a tab character." source="com.puppycrawl.tools.checkstyle.checks.whitespace.FileTabCharacterCheck"/>
<error line="54" column="1" severity="error" message="Line contains a tab character." source="com.puppycrawl.tools.checkstyle.checks.whitespace.FileTabCharacterCheck"/>
<error line="56" column="1" severity="error" message="Line contains a tab character." source="com.puppycrawl.tools.checkstyle.checks.whitespace.FileTabCharacterCheck"/>
<error line="57" column="1" severity="error" message="Line contains a tab character." source="com.puppycrawl.tools.checkstyle.checks.whitespace.FileTabCharacterCheck"/>
<error line="58" column="1" severity="error" message="Line contains a tab character." source="com.puppycrawl.tools.checkstyle.checks.whitespace.FileTabCharacterCheck"/>
<error line="59" column="1" severity="error" message="Line contains a tab character." source="com.puppycrawl.tools.checkstyle.checks.whitespace.FileTabCharacterCheck"/>
<error line="60" column="1" severity="error" message="Line contains a tab character." source="com.puppycrawl.tools.checkstyle.checks.whitespace.FileTabCharacterCheck"/>
<error line="61" column="1" severity="error" message="Line contains a tab character." source="com.puppycrawl.tools.checkstyle.checks.whitespace.FileTabCharacterCheck"/>
<error line="62" column="1" severity="error" message="Line contains a tab character." source="com.puppycrawl.tools.checkstyle.checks.whitespace.FileTabCharacterCheck"/>
</file>
<file name="/home/mbiarnes/Development/git/kiegroup/kie-wb-playground/mortgage-process/src/main/java/com/myspace/mortgage_app/Application.java">
<error line="9" column="1" severity="error" message="Line contains a tab character." source="com.puppycrawl.tools.checkstyle.checks.whitespace.FileTabCharacterCheck"/>
<error line="11" column="1" severity="error" message="Line contains a tab character." source="com.puppycrawl.tools.checkstyle.checks.whitespace.FileTabCharacterCheck"/>
<error line="12" column="1" severity="error" message="Line contains a tab character." source="com.puppycrawl.tools.checkstyle.checks.whitespace.FileTabCharacterCheck"/>
<error line="13" column="1" severity="error" message="Line contains a tab character." source="com.puppycrawl.tools.checkstyle.checks.whitespace.FileTabCharacterCheck"/>
<error line="14" column="1" severity="error" message="Line contains a tab character." source="com.puppycrawl.tools.checkstyle.checks.whitespace.FileTabCharacterCheck"/>
<error line="15" column="1" severity="error" message="Line contains a tab character." source="com.puppycrawl.tools.checkstyle.checks.whitespace.FileTabCharacterCheck"/>
<error line="16" column="1" severity="error" message="Line contains a tab character." source="com.puppycrawl.tools.checkstyle.checks.whitespace.FileTabCharacterCheck"/>
<error line="17" column="1" severity="error" message="Line contains a tab character." source="com.puppycrawl.tools.checkstyle.checks.whitespace.FileTabCharacterCheck"/>
<error line="18" column="1" severity="error" message="Line contains a tab character." source="com.puppycrawl.tools.checkstyle.checks.whitespace.FileTabCharacterCheck"/>
<error line="19" column="1" severity="error" message="Line contains a tab character." source="com.puppycrawl.tools.checkstyle.checks.whitespace.FileTabCharacterCheck"/>
<error line="20" column="1" severity="error" message="Line contains a tab character." source="com.puppycrawl.tools.checkstyle.checks.whitespace.FileTabCharacterCheck"/>
<error line="21" column="1" severity="error" message="Line contains a tab character." source="com.puppycrawl.tools.checkstyle.checks.whitespace.FileTabCharacterCheck"/>
<error line="22" column="1" severity="error" message="Line contains a tab character." source="com.puppycrawl.tools.checkstyle.checks.whitespace.FileTabCharacterCheck"/>
<error line="24" column="1" severity="error" message="Line contains a tab character." source="com.puppycrawl.tools.checkstyle.checks.whitespace.FileTabCharacterCheck"/>
<error line="25" column="1" severity="error" message="Line contains a tab character." source="com.puppycrawl.tools.checkstyle.checks.whitespace.FileTabCharacterCheck"/>
<error line="27" column="1" severity="error" message="Line contains a tab character." source="com.puppycrawl.tools.checkstyle.checks.whitespace.FileTabCharacterCheck"/>
<error line="28" column="1" severity="error" message="Line contains a tab character." source="com.puppycrawl.tools.checkstyle.checks.whitespace.FileTabCharacterCheck"/>
<error line="29" column="1" severity="error" message="Line contains a tab character." source="com.puppycrawl.tools.checkstyle.checks.whitespace.FileTabCharacterCheck"/>
<error line="31" column="1" severity="error" message="Line contains a tab character." source="com.puppycrawl.tools.checkstyle.checks.whitespace.FileTabCharacterCheck"/>
<error line="32" column="1" severity="error" message="Line contains a tab character." source="com.puppycrawl.tools.checkstyle.checks.whitespace.FileTabCharacterCheck"/>
<error line="33" column="1" severity="error" message="Line contains a tab character." source="com.puppycrawl.tools.checkstyle.checks.whitespace.FileTabCharacterCheck"/>
<error line="35" column="1" severity="error" message="Line contains a tab character." source="com.puppycrawl.tools.checkstyle.checks.whitespace.FileTabCharacterCheck"/>
<error line="36" column="1" severity="error" message="Line contains a tab character." source="com.puppycrawl.tools.checkstyle.checks.whitespace.FileTabCharacterCheck"/>
<error line="37" column="1" severity="error" message="Line contains a tab character." source="com.puppycrawl.tools.checkstyle.checks.whitespace.FileTabCharacterCheck"/>
<error line="39" column="1" severity="error" message="Line contains a tab character." source="com.puppycrawl.tools.checkstyle.checks.whitespace.FileTabCharacterCheck"/>
<error line="40" column="1" severity="error" message="Line contains a tab character." source="com.puppycrawl.tools.checkstyle.checks.whitespace.FileTabCharacterCheck"/>
<error line="41" column="1" severity="error" message="Line contains a tab character." source="com.puppycrawl.tools.checkstyle.checks.whitespace.FileTabCharacterCheck"/>
<error line="43" column="1" severity="error" message="Line contains a tab character." source="com.puppycrawl.tools.checkstyle.checks.whitespace.FileTabCharacterCheck"/>
<error line="44" column="1" severity="error" message="Line contains a tab character." source="com.puppycrawl.tools.checkstyle.checks.whitespace.FileTabCharacterCheck"/>
<error line="45" column="1" severity="error" message="Line contains a tab character." source="com.puppycrawl.tools.checkstyle.checks.whitespace.FileTabCharacterCheck"/>
<error line="47" column="1" severity="error" message="Line contains a tab character." source="com.puppycrawl.tools.checkstyle.checks.whitespace.FileTabCharacterCheck"/>
<error line="48" column="1" severity="error" message="Line contains a tab character." source="com.puppycrawl.tools.checkstyle.checks.whitespace.FileTabCharacterCheck"/>
<error line="49" column="1" severity="error" message="Line contains a tab character." source="com.puppycrawl.tools.checkstyle.checks.whitespace.FileTabCharacterCheck"/>
<error line="51" column="1" severity="error" message="Line contains a tab character." source="com.puppycrawl.tools.checkstyle.checks.whitespace.FileTabCharacterCheck"/>
<error line="52" column="1" severity="error" message="Line contains a tab character." source="com.puppycrawl.tools.checkstyle.checks.whitespace.FileTabCharacterCheck"/>
<error line="53" column="1" severity="error" message="Line contains a tab character." source="com.puppycrawl.tools.checkstyle.checks.whitespace.FileTabCharacterCheck"/>
<error line="55" column="1" severity="error" message="Line contains a tab character." source="com.puppycrawl.tools.checkstyle.checks.whitespace.FileTabCharacterCheck"/>
<error line="56" column="1" severity="error" message="Line contains a tab character." source="com.puppycrawl.tools.checkstyle.checks.whitespace.FileTabCharacterCheck"/>
<error line="57" column="1" severity="error" message="Line contains a tab character." source="com.puppycrawl.tools.checkstyle.checks.whitespace.FileTabCharacterCheck"/>
<error line="59" column="1" severity="error" message="Line contains a tab character." source="com.puppycrawl.tools.checkstyle.checks.whitespace.FileTabCharacterCheck"/>
<error line="60" column="1" severity="error" message="Line contains a tab character." source="com.puppycrawl.tools.checkstyle.checks.whitespace.FileTabCharacterCheck"/>
<error line="61" column="1" severity="error" message="Line contains a tab character." source="com.puppycrawl.tools.checkstyle.checks.whitespace.FileTabCharacterCheck"/>
<error line="63" column="1" severity="error" message="Line contains a tab character." source="com.puppycrawl.tools.checkstyle.checks.whitespace.FileTabCharacterCheck"/>
<error line="64" column="1" severity="error" message="Line contains a tab character." source="com.puppycrawl.tools.checkstyle.checks.whitespace.FileTabCharacterCheck"/>
<error line="65" column="1" severity="error" message="Line contains a tab character." source="com.puppycrawl.tools.checkstyle.checks.whitespace.FileTabCharacterCheck"/>
<error line="67" column="1" severity="error" message="Line contains a tab character." source="com.puppycrawl.tools.checkstyle.checks.whitespace.FileTabCharacterCheck"/>
<error line="68" column="1" severity="error" message="Line contains a tab character." source="com.puppycrawl.tools.checkstyle.checks.whitespace.FileTabCharacterCheck"/>
<error line="69" column="1" severity="error" message="Line contains a tab character." source="com.puppycrawl.tools.checkstyle.checks.whitespace.FileTabCharacterCheck"/>
<error line="71" column="1" severity="error" message="Line contains a tab character." source="com.puppycrawl.tools.checkstyle.checks.whitespace.FileTabCharacterCheck"/>
<error line="72" column="1" severity="error" message="Line contains a tab character." source="com.puppycrawl.tools.checkstyle.checks.whitespace.FileTabCharacterCheck"/>
<error line="73" column="1" severity="error" message="Line contains a tab character." source="com.puppycrawl.tools.checkstyle.checks.whitespace.FileTabCharacterCheck"/>
<error line="75" column="1" severity="error" message="Line contains a tab character." source="com.puppycrawl.tools.checkstyle.checks.whitespace.FileTabCharacterCheck"/>
<error line="76" column="1" severity="error" message="Line contains a tab character." source="com.puppycrawl.tools.checkstyle.checks.whitespace.FileTabCharacterCheck"/>
<error line="77" column="1" severity="error" message="Line contains a tab character." source="com.puppycrawl.tools.checkstyle.checks.whitespace.FileTabCharacterCheck"/>
<error line="78" column="1" severity="error" message="Line contains a tab character." source="com.puppycrawl.tools.checkstyle.checks.whitespace.FileTabCharacterCheck"/>
<error line="79" column="1" severity="error" message="Line contains a tab character." source="com.puppycrawl.tools.checkstyle.checks.whitespace.FileTabCharacterCheck"/>
<error line="80" column="1" severity="error" message="Line contains a tab character." source="com.puppycrawl.tools.checkstyle.checks.whitespace.FileTabCharacterCheck"/>
<error line="81" column="1" severity="error" message="Line contains a tab character." source="com.puppycrawl.tools.checkstyle.checks.whitespace.FileTabCharacterCheck"/>
<error line="82" column="1" severity="error" message="Line contains a tab character." source="com.puppycrawl.tools.checkstyle.checks.whitespace.FileTabCharacterCheck"/>
<error line="83" column="1" severity="error" message="Line contains a tab character." source="com.puppycrawl.tools.checkstyle.checks.whitespace.FileTabCharacterCheck"/>
<error line="84" column="1" severity="error" message="Line contains a tab character." source="com.puppycrawl.tools.checkstyle.checks.whitespace.FileTabCharacterCheck"/>
<error line="85" column="1" severity="error" message="Line contains a tab character." source="com.puppycrawl.tools.checkstyle.checks.whitespace.FileTabCharacterCheck"/>
<error line="86" column="1" severity="error" message="Line contains a tab character." source="com.puppycrawl.tools.checkstyle.checks.whitespace.FileTabCharacterCheck"/>
</file>
</checkstyle>
